<?xml version="1.0" encoding="utf-8" ?>
<!DOCTYPE html PUBLIC "-//W3C//DTD XHTML 1.0 Strict//EN"
        "http://www.w3.org/TR/xhtml1/DTD/xhtml1-strict.dtd">
<html xmlns="http://www.w3.org/1999/xhtml" xml:lang="" lang="">
<head>
  <title>Test Results Report - Login Test</title>
  <meta http-equiv="Content-Type" content="text/html;charset=utf-8" />
  <meta name="description" content="TestNG unit test results." />
  <link href="reportng.css" rel="stylesheet" type="text/css" />
    <script type="text/javascript" src="reportng.js"></script>
</head>
<body>
<h1>Login Test</h1>
<p>
  Test duration: 194.109s
</p>



  <table class="resultsTable">
    <tr><th colspan="3" class="header failed">Failed Tests</th></tr>
          <tr>
        <td colspan="3" class="group">com.nopcommerce.demo.testsuite.LoginPageTest</td>
      </tr>
            
<tr>
  <td class="method">
                  VerifyThatUserShouldLogOutSuccessFully
      </td>
  <td class="duration">
    41.497s
  </td>
  <td class="result">
        
    
            <div class="testOutput">
                        Clicking on loginLink [[ChromeDriver: chrome on WINDOWS (ca414a6324200b38963e3e7b90f8bb79)] -&gt; link text: Log in]&lt;br&gt;<br />
                                Enter email Kd@gmail.com to email field [[ChromeDriver: chrome on WINDOWS (ca414a6324200b38963e3e7b90f8bb79)] -&gt; xpath: //input[@id=&apos;Email&apos;]]&lt;br&gt;<br />
                                Enter Password 123456 to email field [[ChromeDriver: chrome on WINDOWS (ca414a6324200b38963e3e7b90f8bb79)] -&gt; xpath: //input[@id=&apos;Password&apos;]]&lt;br&gt;<br />
                                Clicking on loginButton [[ChromeDriver: chrome on WINDOWS (ca414a6324200b38963e3e7b90f8bb79)] -&gt; xpath: //button[contains(text(),&apos;Log in&apos;)]]&lt;br&gt;<br />
                                Clicking on logOut Proxy element for: DefaultElementLocator &apos;By.linkText: Log out&apos;&lt;br&gt;<br />
                  </div>
    

        <a href="javascript:toggleElement('exception-0', 'block')" title="Click to expand/collapse"><b>org.openqa.selenium.NoSuchElementException: no such element: Unable to locate element: {&quot;method&quot;:&quot;link text&quot;,&quot;selector&quot;:&quot;Log out&quot;}<br/>
&nbsp; (Session info: chrome=101.0.4951.54)<br/>
For documentation on this error, please visit: https://selenium.dev/exceptions/#no_such_element<br/>
Build info: version: &apos;4.1.4&apos;, revision: &apos;535d840ee2&apos;<br/>
System info: host: &apos;LAPTOP-JDV84NQN&apos;, ip: &apos;192.168.1.94&apos;, os.name: &apos;Windows 10&apos;, os.arch: &apos;amd64&apos;, os.version: &apos;10.0&apos;, java.version: &apos;1.8.0_121&apos;<br/>
Driver info: org.openqa.selenium.chrome.ChromeDriver<br/>
Command: [ca414a6324200b38963e3e7b90f8bb79, findElement {using=link text, value=Log out}]<br/>
Capabilities {acceptInsecureCerts: false, browserName: chrome, browserVersion: 101.0.4951.54, chrome: {chromedriverVersion: 101.0.4951.41 (93c720db8323..., userDataDir: C:\Users\harsh\AppData\Loca...}, goog:chromeOptions: {debuggerAddress: localhost:65459}, javascriptEnabled: true, networkConnectionEnabled: false, pageLoadStrategy: normal, platform: WINDOWS, platformName: WINDOWS, proxy: Proxy(), se:cdp: ws://localhost:65459/devtoo..., se:cdpVersion: 101.0.4951.54, setWindowRect: true, strictFileInteractability: false, timeouts: {implicit: 0, pageLoad: 300000, script: 30000}, unhandledPromptBehavior: dismiss and notify, webauthn:extension:credBlob: true, webauthn:extension:largeBlob: true, webauthn:virtualAuthenticators: true}<br/>
Session ID: ca414a6324200b38963e3e7b90f8bb79</b></a><br />
    <div class="stackTrace" id="exception-0">
              sun.reflect.NativeConstructorAccessorImpl.newInstance0(Native Method)<br />
              sun.reflect.NativeConstructorAccessorImpl.newInstance(NativeConstructorAccessorImpl.java:62)<br />
              sun.reflect.DelegatingConstructorAccessorImpl.newInstance(DelegatingConstructorAccessorImpl.java:45)<br />
              java.lang.reflect.Constructor.newInstance(Constructor.java:423)<br />
              org.openqa.selenium.remote.codec.w3c.W3CHttpResponseCodec.createException(W3CHttpResponseCodec.java:200)<br />
              org.openqa.selenium.remote.codec.w3c.W3CHttpResponseCodec.decode(W3CHttpResponseCodec.java:133)<br />
              org.openqa.selenium.remote.codec.w3c.W3CHttpResponseCodec.decode(W3CHttpResponseCodec.java:53)<br />
              org.openqa.selenium.remote.HttpCommandExecutor.execute(HttpCommandExecutor.java:184)<br />
              org.openqa.selenium.remote.service.DriverCommandExecutor.invokeExecute(DriverCommandExecutor.java:167)<br />
              org.openqa.selenium.remote.service.DriverCommandExecutor.execute(DriverCommandExecutor.java:142)<br />
              org.openqa.selenium.remote.RemoteWebDriver.execute(RemoteWebDriver.java:567)<br />
              org.openqa.selenium.remote.ElementLocation$ElementFinder$2.findElement(ElementLocation.java:162)<br />
              org.openqa.selenium.remote.ElementLocation.findElement(ElementLocation.java:60)<br />
              org.openqa.selenium.remote.RemoteWebDriver.findElement(RemoteWebDriver.java:385)<br />
              org.openqa.selenium.remote.RemoteWebDriver.findElement(RemoteWebDriver.java:377)<br />
              org.openqa.selenium.support.pagefactory.DefaultElementLocator.findElement(DefaultElementLocator.java:70)<br />
              org.openqa.selenium.support.pagefactory.internal.LocatingElementHandler.invoke(LocatingElementHandler.java:39)<br />
              com.sun.proxy.$Proxy15.click(Unknown Source)<br />
              com.nopcommerce.demo.utility.Utility.clickOnElement(Utility.java:53)<br />
              com.nopcommerce.demo.pages.HomePage.clickOnLogoutButton(HomePage.java:74)<br />
              com.nopcommerce.demo.testsuite.LoginPageTest.VerifyThatUserShouldLogOutSuccessFully(LoginPageTest.java:56)<br />
              sun.reflect.NativeMethodAccessorImpl.invoke0(Native Method)<br />
              sun.reflect.NativeMethodAccessorImpl.invoke(NativeMethodAccessorImpl.java:62)<br />
              sun.reflect.DelegatingMethodAccessorImpl.invoke(DelegatingMethodAccessorImpl.java:43)<br />
              java.lang.reflect.Method.invoke(Method.java:498)<br />
              org.testng.internal.invokers.MethodInvocationHelper.invokeMethod(MethodInvocationHelper.java:135)<br />
              org.testng.internal.invokers.TestInvoker.invokeMethod(TestInvoker.java:673)<br />
              org.testng.internal.invokers.TestInvoker.invokeTestMethod(TestInvoker.java:220)<br />
              org.testng.internal.invokers.MethodRunner.runInSequence(MethodRunner.java:50)<br />
              org.testng.internal.invokers.TestInvoker$MethodInvocationAgent.invoke(TestInvoker.java:945)<br />
              org.testng.internal.invokers.TestInvoker.invokeTestMethods(TestInvoker.java:193)<br />
              org.testng.internal.invokers.TestMethodWorker.invokeTestMethods(TestMethodWorker.java:146)<br />
              org.testng.internal.invokers.TestMethodWorker.run(TestMethodWorker.java:128)<br />
              java.util.ArrayList.forEach(ArrayList.java:1249)<br />
              org.testng.TestRunner.privateRun(TestRunner.java:808)<br />
              org.testng.TestRunner.run(TestRunner.java:603)<br />
              org.testng.SuiteRunner.runTest(SuiteRunner.java:429)<br />
              org.testng.SuiteRunner.runSequentially(SuiteRunner.java:423)<br />
              org.testng.SuiteRunner.privateRun(SuiteRunner.java:383)<br />
              org.testng.SuiteRunner.run(SuiteRunner.java:326)<br />
              org.testng.SuiteRunnerWorker.runSuite(SuiteRunnerWorker.java:52)<br />
              org.testng.SuiteRunnerWorker.run(SuiteRunnerWorker.java:95)<br />
              org.testng.TestNG.runSuitesSequentially(TestNG.java:1249)<br />
              org.testng.TestNG.runSuitesLocally(TestNG.java:1169)<br />
              org.testng.TestNG.runSuites(TestNG.java:1092)<br />
              org.testng.TestNG.run(TestNG.java:1060)<br />
              com.intellij.rt.testng.IDEARemoteTestNG.run(IDEARemoteTestNG.java:66)<br />
              com.intellij.rt.testng.RemoteTestNGStarter.main(RemoteTestNGStarter.java:109)<br />
                </div>
      </td>
</tr>
<tr>
  <td class="method">
                  verifyThatUserShouldLogInSuccessFullyWithValidCredentials
      </td>
  <td class="duration">
    41.994s
  </td>
  <td class="result">
        
    
            <div class="testOutput">
                        Clicking on loginLink [[ChromeDriver: chrome on WINDOWS (0a5bc72281a176eb480f954ad4846191)] -&gt; link text: Log in]&lt;br&gt;<br />
                                Enter email Kd@gmail.com to email field [[ChromeDriver: chrome on WINDOWS (0a5bc72281a176eb480f954ad4846191)] -&gt; xpath: //input[@id=&apos;Email&apos;]]&lt;br&gt;<br />
                                Enter Password 123456 to email field [[ChromeDriver: chrome on WINDOWS (0a5bc72281a176eb480f954ad4846191)] -&gt; xpath: //input[@id=&apos;Password&apos;]]&lt;br&gt;<br />
                                Clicking on loginButton [[ChromeDriver: chrome on WINDOWS (0a5bc72281a176eb480f954ad4846191)] -&gt; xpath: //button[contains(text(),&apos;Log in&apos;)]]&lt;br&gt;<br />
                                getting logOut text Proxy element for: DefaultElementLocator &apos;By.linkText: Log out&apos;&lt;br&gt;<br />
                  </div>
    

        <a href="javascript:toggleElement('exception-1', 'block')" title="Click to expand/collapse"><b>org.openqa.selenium.NoSuchElementException: no such element: Unable to locate element: {&quot;method&quot;:&quot;link text&quot;,&quot;selector&quot;:&quot;Log out&quot;}<br/>
&nbsp; (Session info: chrome=101.0.4951.54)<br/>
For documentation on this error, please visit: https://selenium.dev/exceptions/#no_such_element<br/>
Build info: version: &apos;4.1.4&apos;, revision: &apos;535d840ee2&apos;<br/>
System info: host: &apos;LAPTOP-JDV84NQN&apos;, ip: &apos;192.168.1.94&apos;, os.name: &apos;Windows 10&apos;, os.arch: &apos;amd64&apos;, os.version: &apos;10.0&apos;, java.version: &apos;1.8.0_121&apos;<br/>
Driver info: org.openqa.selenium.chrome.ChromeDriver<br/>
Command: [0a5bc72281a176eb480f954ad4846191, findElement {using=link text, value=Log out}]<br/>
Capabilities {acceptInsecureCerts: false, browserName: chrome, browserVersion: 101.0.4951.54, chrome: {chromedriverVersion: 101.0.4951.41 (93c720db8323..., userDataDir: C:\Users\harsh\AppData\Loca...}, goog:chromeOptions: {debuggerAddress: localhost:65433}, javascriptEnabled: true, networkConnectionEnabled: false, pageLoadStrategy: normal, platform: WINDOWS, platformName: WINDOWS, proxy: Proxy(), se:cdp: ws://localhost:65433/devtoo..., se:cdpVersion: 101.0.4951.54, setWindowRect: true, strictFileInteractability: false, timeouts: {implicit: 0, pageLoad: 300000, script: 30000}, unhandledPromptBehavior: dismiss and notify, webauthn:extension:credBlob: true, webauthn:extension:largeBlob: true, webauthn:virtualAuthenticators: true}<br/>
Session ID: 0a5bc72281a176eb480f954ad4846191</b></a><br />
    <div class="stackTrace" id="exception-1">
              sun.reflect.NativeConstructorAccessorImpl.newInstance0(Native Method)<br />
              sun.reflect.NativeConstructorAccessorImpl.newInstance(NativeConstructorAccessorImpl.java:62)<br />
              sun.reflect.DelegatingConstructorAccessorImpl.newInstance(DelegatingConstructorAccessorImpl.java:45)<br />
              java.lang.reflect.Constructor.newInstance(Constructor.java:423)<br />
              org.openqa.selenium.remote.codec.w3c.W3CHttpResponseCodec.createException(W3CHttpResponseCodec.java:200)<br />
              org.openqa.selenium.remote.codec.w3c.W3CHttpResponseCodec.decode(W3CHttpResponseCodec.java:133)<br />
              org.openqa.selenium.remote.codec.w3c.W3CHttpResponseCodec.decode(W3CHttpResponseCodec.java:53)<br />
              org.openqa.selenium.remote.HttpCommandExecutor.execute(HttpCommandExecutor.java:184)<br />
              org.openqa.selenium.remote.service.DriverCommandExecutor.invokeExecute(DriverCommandExecutor.java:167)<br />
              org.openqa.selenium.remote.service.DriverCommandExecutor.execute(DriverCommandExecutor.java:142)<br />
              org.openqa.selenium.remote.RemoteWebDriver.execute(RemoteWebDriver.java:567)<br />
              org.openqa.selenium.remote.ElementLocation$ElementFinder$2.findElement(ElementLocation.java:162)<br />
              org.openqa.selenium.remote.ElementLocation.findElement(ElementLocation.java:60)<br />
              org.openqa.selenium.remote.RemoteWebDriver.findElement(RemoteWebDriver.java:385)<br />
              org.openqa.selenium.remote.RemoteWebDriver.findElement(RemoteWebDriver.java:377)<br />
              org.openqa.selenium.support.pagefactory.DefaultElementLocator.findElement(DefaultElementLocator.java:70)<br />
              org.openqa.selenium.support.pagefactory.internal.LocatingElementHandler.invoke(LocatingElementHandler.java:39)<br />
              com.sun.proxy.$Proxy15.getText(Unknown Source)<br />
              com.nopcommerce.demo.utility.Utility.getTextFromElement(Utility.java:72)<br />
              com.nopcommerce.demo.pages.HomePage.getLogOutText(HomePage.java:66)<br />
              com.nopcommerce.demo.testsuite.LoginPageTest.verifyThatUserShouldLogInSuccessFullyWithValidCredentials(LoginPageTest.java:46)<br />
              sun.reflect.NativeMethodAccessorImpl.invoke0(Native Method)<br />
              sun.reflect.NativeMethodAccessorImpl.invoke(NativeMethodAccessorImpl.java:62)<br />
              sun.reflect.DelegatingMethodAccessorImpl.invoke(DelegatingMethodAccessorImpl.java:43)<br />
              java.lang.reflect.Method.invoke(Method.java:498)<br />
              org.testng.internal.invokers.MethodInvocationHelper.invokeMethod(MethodInvocationHelper.java:135)<br />
              org.testng.internal.invokers.TestInvoker.invokeMethod(TestInvoker.java:673)<br />
              org.testng.internal.invokers.TestInvoker.invokeTestMethod(TestInvoker.java:220)<br />
              org.testng.internal.invokers.MethodRunner.runInSequence(MethodRunner.java:50)<br />
              org.testng.internal.invokers.TestInvoker$MethodInvocationAgent.invoke(TestInvoker.java:945)<br />
              org.testng.internal.invokers.TestInvoker.invokeTestMethods(TestInvoker.java:193)<br />
              org.testng.internal.invokers.TestMethodWorker.invokeTestMethods(TestMethodWorker.java:146)<br />
              org.testng.internal.invokers.TestMethodWorker.run(TestMethodWorker.java:128)<br />
              java.util.ArrayList.forEach(ArrayList.java:1249)<br />
              org.testng.TestRunner.privateRun(TestRunner.java:808)<br />
              org.testng.TestRunner.run(TestRunner.java:603)<br />
              org.testng.SuiteRunner.runTest(SuiteRunner.java:429)<br />
              org.testng.SuiteRunner.runSequentially(SuiteRunner.java:423)<br />
              org.testng.SuiteRunner.privateRun(SuiteRunner.java:383)<br />
              org.testng.SuiteRunner.run(SuiteRunner.java:326)<br />
              org.testng.SuiteRunnerWorker.runSuite(SuiteRunnerWorker.java:52)<br />
              org.testng.SuiteRunnerWorker.run(SuiteRunnerWorker.java:95)<br />
              org.testng.TestNG.runSuitesSequentially(TestNG.java:1249)<br />
              org.testng.TestNG.runSuitesLocally(TestNG.java:1169)<br />
              org.testng.TestNG.runSuites(TestNG.java:1092)<br />
              org.testng.TestNG.run(TestNG.java:1060)<br />
              com.intellij.rt.testng.IDEARemoteTestNG.run(IDEARemoteTestNG.java:66)<br />
              com.intellij.rt.testng.RemoteTestNGStarter.main(RemoteTestNGStarter.java:109)<br />
                </div>
      </td>
</tr>
      </table>


  <table class="resultsTable">
    <tr><th colspan="3" class="header passed">Passed Tests</th></tr>
          <tr>
        <td colspan="3" class="group">com.nopcommerce.demo.testsuite.ComputerPageTest</td>
      </tr>
            
<tr>
  <td class="method">
                  verifyThatUserShouldBuildYouOwnComputerAndAddThemToCartSuccessfully
      </td>
  <td class="duration">
    3.701s
  </td>
  <td class="result">
        
          <i>Method arguments: </i><span class="arguments">"2.5 GHz Intel Pentium Dual-Core E2200 [+$15.00]", "8GB [+$60.00]", "320 GB", "Vista Home [+$50.00]", "Total Commander [+$5.00]"</span><br />
    
            <div class="testOutput">
                        Clicking on computerLink [[ChromeDriver: chrome on WINDOWS (a5f3deb0c4499421a77f2f457ebe10cc)] -&gt; xpath: //ul[@class=&apos;top-menu notmobile&apos;]//a[contains(text(),&apos;Computers&apos;)]]&lt;br&gt;<br />
                                Clicking on deskTop [[ChromeDriver: chrome on WINDOWS (a5f3deb0c4499421a77f2f457ebe10cc)] -&gt; xpath: //h2[@class=&apos;title&apos;]//a[text()=&apos; Desktops &apos;]]&lt;br&gt;<br />
                                Clicking on buildComputer Link [[ChromeDriver: chrome on WINDOWS (a5f3deb0c4499421a77f2f457ebe10cc)] -&gt; xpath: //body/div[6]/div[3]/div[1]/div[3]/div[1]/div[2]/div[2]/div[2]/div[1]/div[1]/div[1]/div[1]/div[2]/h2[1]/a[1]]&lt;br&gt;<br />
                                Selecting processor 2.5 GHz Intel Pentium Dual-Core E2200 [+$15.00] from dropdown [[ChromeDriver: chrome on WINDOWS (a5f3deb0c4499421a77f2f457ebe10cc)] -&gt; xpath: //select[@name=&apos;product_attribute_1&apos;]]&lt;br&gt;<br />
                                Selecting ram 8GB [+$60.00] from dropdown [[ChromeDriver: chrome on WINDOWS (a5f3deb0c4499421a77f2f457ebe10cc)] -&gt; xpath: //select[@name=&apos;product_attribute_2&apos;]]&lt;br&gt;<br />
                                Selecting day 320 GB from dropdown [[ChromeDriver: chrome on WINDOWS (a5f3deb0c4499421a77f2f457ebe10cc)] -&gt; xpath: //input[@id=&apos;product_attribute_3_6&apos;]]&lt;br&gt;<br />
                                Selecting day Vista Home [+$50.00] from dropdown [[ChromeDriver: chrome on WINDOWS (a5f3deb0c4499421a77f2f457ebe10cc)] -&gt; xpath: //input[@id=&apos;product_attribute_4_8&apos;]]&lt;br&gt;<br />
                                Selecting day Total Commander [+$5.00] from dropdown [[ChromeDriver: chrome on WINDOWS (a5f3deb0c4499421a77f2f457ebe10cc)] -&gt; xpath: //input[@id=&apos;product_attribute_5_12&apos;]]&lt;br&gt;<br />
                                Clicking on addToCartButton [[ChromeDriver: chrome on WINDOWS (a5f3deb0c4499421a77f2f457ebe10cc)] -&gt; xpath: //button[@id=&apos;add-to-cart-button-1&apos;]]&lt;br&gt;<br />
                                getting greenText from [[ChromeDriver: chrome on WINDOWS (a5f3deb0c4499421a77f2f457ebe10cc)] -&gt; xpath: //p[text()=&apos;The product has been added to your &apos;]]&lt;br&gt;<br />
                  </div>
    

      </td>
</tr>
<tr>
  <td class="method">
                  verifyThatUserShouldBuildYouOwnComputerAndAddThemToCartSuccessfully
      </td>
  <td class="duration">
    3.285s
  </td>
  <td class="result">
        
          <i>Method arguments: </i><span class="arguments">"2.5 GHz Intel Pentium Dual-Core E2200 [+$15.00]", "4GB [+$20.00]", "400 GB [+$100.00]", "Vista Premium [+$60.00]", "Acrobat Reader [+$10.00]"</span><br />
    
            <div class="testOutput">
                        Clicking on computerLink [[ChromeDriver: chrome on WINDOWS (3d85bf2258ecf8ce327ac8c3fae24c5a)] -&gt; xpath: //ul[@class=&apos;top-menu notmobile&apos;]//a[contains(text(),&apos;Computers&apos;)]]&lt;br&gt;<br />
                                Clicking on deskTop [[ChromeDriver: chrome on WINDOWS (3d85bf2258ecf8ce327ac8c3fae24c5a)] -&gt; xpath: //h2[@class=&apos;title&apos;]//a[text()=&apos; Desktops &apos;]]&lt;br&gt;<br />
                                Clicking on buildComputer Link [[ChromeDriver: chrome on WINDOWS (3d85bf2258ecf8ce327ac8c3fae24c5a)] -&gt; xpath: //body/div[6]/div[3]/div[1]/div[3]/div[1]/div[2]/div[2]/div[2]/div[1]/div[1]/div[1]/div[1]/div[2]/h2[1]/a[1]]&lt;br&gt;<br />
                                Selecting processor 2.5 GHz Intel Pentium Dual-Core E2200 [+$15.00] from dropdown [[ChromeDriver: chrome on WINDOWS (3d85bf2258ecf8ce327ac8c3fae24c5a)] -&gt; xpath: //select[@name=&apos;product_attribute_1&apos;]]&lt;br&gt;<br />
                                Selecting ram 4GB [+$20.00] from dropdown [[ChromeDriver: chrome on WINDOWS (3d85bf2258ecf8ce327ac8c3fae24c5a)] -&gt; xpath: //select[@name=&apos;product_attribute_2&apos;]]&lt;br&gt;<br />
                                Selecting day 400 GB [+$100.00] from dropdown [[ChromeDriver: chrome on WINDOWS (3d85bf2258ecf8ce327ac8c3fae24c5a)] -&gt; xpath: //input[@id=&apos;product_attribute_3_7&apos;]]&lt;br&gt;<br />
                                Selecting day Vista Premium [+$60.00] from dropdown [[ChromeDriver: chrome on WINDOWS (3d85bf2258ecf8ce327ac8c3fae24c5a)] -&gt; xpath: //input[@id=&apos;product_attribute_4_9&apos;]]&lt;br&gt;<br />
                                Selecting day Acrobat Reader [+$10.00] from dropdown [[ChromeDriver: chrome on WINDOWS (3d85bf2258ecf8ce327ac8c3fae24c5a)] -&gt; xpath: //input[@id=&apos;product_attribute_5_11&apos;]]&lt;br&gt;<br />
                                Clicking on addToCartButton [[ChromeDriver: chrome on WINDOWS (3d85bf2258ecf8ce327ac8c3fae24c5a)] -&gt; xpath: //button[@id=&apos;add-to-cart-button-1&apos;]]&lt;br&gt;<br />
                                getting greenText from [[ChromeDriver: chrome on WINDOWS (3d85bf2258ecf8ce327ac8c3fae24c5a)] -&gt; xpath: //p[text()=&apos;The product has been added to your &apos;]]&lt;br&gt;<br />
                  </div>
    

      </td>
</tr>
<tr>
  <td class="method">
                  verifyThatUserShouldBuildYouOwnComputerAndAddThemToCartSuccessfully
      </td>
  <td class="duration">
    4.067s
  </td>
  <td class="result">
        
          <i>Method arguments: </i><span class="arguments">"2.2 GHz Intel Pentium Dual-Core E2200", "2 GB", "320 GB", "Vista Home [+$50.00]", "Microsoft Office [+$50.00]"</span><br />
    
            <div class="testOutput">
                        Clicking on computerLink [[ChromeDriver: chrome on WINDOWS (a917facc9a71701edc2a43ba9ea71a47)] -&gt; xpath: //ul[@class=&apos;top-menu notmobile&apos;]//a[contains(text(),&apos;Computers&apos;)]]&lt;br&gt;<br />
                                Clicking on deskTop [[ChromeDriver: chrome on WINDOWS (a917facc9a71701edc2a43ba9ea71a47)] -&gt; xpath: //h2[@class=&apos;title&apos;]//a[text()=&apos; Desktops &apos;]]&lt;br&gt;<br />
                                Clicking on buildComputer Link [[ChromeDriver: chrome on WINDOWS (a917facc9a71701edc2a43ba9ea71a47)] -&gt; xpath: //body/div[6]/div[3]/div[1]/div[3]/div[1]/div[2]/div[2]/div[2]/div[1]/div[1]/div[1]/div[1]/div[2]/h2[1]/a[1]]&lt;br&gt;<br />
                                Selecting processor 2.2 GHz Intel Pentium Dual-Core E2200 from dropdown [[ChromeDriver: chrome on WINDOWS (a917facc9a71701edc2a43ba9ea71a47)] -&gt; xpath: //select[@name=&apos;product_attribute_1&apos;]]&lt;br&gt;<br />
                                Selecting ram 2 GB from dropdown [[ChromeDriver: chrome on WINDOWS (a917facc9a71701edc2a43ba9ea71a47)] -&gt; xpath: //select[@name=&apos;product_attribute_2&apos;]]&lt;br&gt;<br />
                                Selecting day 320 GB from dropdown [[ChromeDriver: chrome on WINDOWS (a917facc9a71701edc2a43ba9ea71a47)] -&gt; xpath: //input[@id=&apos;product_attribute_3_6&apos;]]&lt;br&gt;<br />
                                Selecting day Vista Home [+$50.00] from dropdown [[ChromeDriver: chrome on WINDOWS (a917facc9a71701edc2a43ba9ea71a47)] -&gt; xpath: //input[@id=&apos;product_attribute_4_8&apos;]]&lt;br&gt;<br />
                                Selecting day Microsoft Office [+$50.00] from dropdown [[ChromeDriver: chrome on WINDOWS (a917facc9a71701edc2a43ba9ea71a47)] -&gt; xpath: //input[@id=&apos;product_attribute_5_10&apos;]]&lt;br&gt;<br />
                                Clicking on addToCartButton [[ChromeDriver: chrome on WINDOWS (a917facc9a71701edc2a43ba9ea71a47)] -&gt; xpath: //button[@id=&apos;add-to-cart-button-1&apos;]]&lt;br&gt;<br />
                                getting greenText from [[ChromeDriver: chrome on WINDOWS (a917facc9a71701edc2a43ba9ea71a47)] -&gt; xpath: //p[text()=&apos;The product has been added to your &apos;]]&lt;br&gt;<br />
                  </div>
    

      </td>
</tr>
<tr>
  <td class="method">
                  verifyUserShouldNavigateToComputerPageSuccessfully
      </td>
  <td class="duration">
    0.672s
  </td>
  <td class="result">
        
    
            <div class="testOutput">
                        Clicking on computerLink [[ChromeDriver: chrome on WINDOWS (fcd58db344a5ca173efba6eba256bd41)] -&gt; xpath: //ul[@class=&apos;top-menu notmobile&apos;]//a[contains(text(),&apos;Computers&apos;)]]&lt;br&gt;<br />
                                getting computer Text from [[ChromeDriver: chrome on WINDOWS (fcd58db344a5ca173efba6eba256bd41)] -&gt; xpath: //h1[text()=&apos;Computers&apos;]]&lt;br&gt;<br />
                  </div>
    

      </td>
</tr>
<tr>
  <td class="method">
                  verifyUserShouldNavigateToDesktopsPageSuccessfully
      </td>
  <td class="duration">
    1.157s
  </td>
  <td class="result">
        
    
            <div class="testOutput">
                        Clicking on computerLink [[ChromeDriver: chrome on WINDOWS (6ebac7b3abd45dfeb436285a0d7320b3)] -&gt; xpath: //ul[@class=&apos;top-menu notmobile&apos;]//a[contains(text(),&apos;Computers&apos;)]]&lt;br&gt;<br />
                                Clicking on deskTop [[ChromeDriver: chrome on WINDOWS (6ebac7b3abd45dfeb436285a0d7320b3)] -&gt; xpath: //h2[@class=&apos;title&apos;]//a[text()=&apos; Desktops &apos;]]&lt;br&gt;<br />
                                getting desktop Text from [[ChromeDriver: chrome on WINDOWS (6ebac7b3abd45dfeb436285a0d7320b3)] -&gt; xpath: //h1[text()=&apos;Desktops&apos;]]&lt;br&gt;<br />
                  </div>
    

      </td>
</tr>
          <tr>
        <td colspan="3" class="group">com.nopcommerce.demo.testsuite.LoginPageTest</td>
      </tr>
            
<tr>
  <td class="method">
                  userShouldNavigateToLoginPageSuccessFully
      </td>
  <td class="duration">
    0.684s
  </td>
  <td class="result">
        
    
            <div class="testOutput">
                        Clicking on loginLink [[ChromeDriver: chrome on WINDOWS (8a1fda8b0582d650dd9141e51b354c18)] -&gt; link text: Log in]&lt;br&gt;<br />
                                getting welcome Text from [[ChromeDriver: chrome on WINDOWS (8a1fda8b0582d650dd9141e51b354c18)] -&gt; xpath: //h1[contains(text(),&apos;Welcome, Please Sign In!&apos;)]]&lt;br&gt;<br />
                  </div>
    

      </td>
</tr>
<tr>
  <td class="method">
                  verifyTheErrorMessageWithInValidCredentials
      </td>
  <td class="duration">
    1.878s
  </td>
  <td class="result">
        
    
            <div class="testOutput">
                        Clicking on loginLink [[ChromeDriver: chrome on WINDOWS (c9af73b5bb6f4c54cf43b9603cda034e)] -&gt; link text: Log in]&lt;br&gt;<br />
                                Enter email Kan@gmail.com to email field [[ChromeDriver: chrome on WINDOWS (c9af73b5bb6f4c54cf43b9603cda034e)] -&gt; xpath: //input[@id=&apos;Email&apos;]]&lt;br&gt;<br />
                                Enter Password 123456 to email field [[ChromeDriver: chrome on WINDOWS (c9af73b5bb6f4c54cf43b9603cda034e)] -&gt; xpath: //input[@id=&apos;Password&apos;]]&lt;br&gt;<br />
                                Clicking on loginButton [[ChromeDriver: chrome on WINDOWS (c9af73b5bb6f4c54cf43b9603cda034e)] -&gt; xpath: //button[contains(text(),&apos;Log in&apos;)]]&lt;br&gt;<br />
                                getting errorMessage from [[ChromeDriver: chrome on WINDOWS (c9af73b5bb6f4c54cf43b9603cda034e)] -&gt; xpath: //body/div[6]/div[3]/div[1]/div[1]/div[1]/div[2]/div[1]/div[2]/form[1]/div[1]]&lt;br&gt;<br />
                  </div>
    

      </td>
</tr>
          <tr>
        <td colspan="3" class="group">com.nopcommerce.demo.testsuite.RegisterPageTest</td>
      </tr>
            
<tr>
  <td class="method">
                  verifyThatFirstNameLastNameEmailPasswordAndConfirmPasswordFieldsAreMandatory
      </td>
  <td class="duration">
    1.000s
  </td>
  <td class="result">
        
    
            <div class="testOutput">
                        Clicking on registerLink [[ChromeDriver: chrome on WINDOWS (0ac61c4f5232a8b3cad8083c0a4d9a21)] -&gt; link text: Register]&lt;br&gt;<br />
                                Clicking on registerButton [[ChromeDriver: chrome on WINDOWS (0ac61c4f5232a8b3cad8083c0a4d9a21)] -&gt; xpath: //button[@id=&apos;register-button&apos;]]&lt;br&gt;<br />
                                getting firstName Text from [[ChromeDriver: chrome on WINDOWS (0ac61c4f5232a8b3cad8083c0a4d9a21)] -&gt; xpath: //span[@id=&apos;FirstName-error&apos;]]&lt;br&gt;<br />
                                getting lastName Text from [[ChromeDriver: chrome on WINDOWS (0ac61c4f5232a8b3cad8083c0a4d9a21)] -&gt; xpath: //span[@id=&apos;LastName-error&apos;]]&lt;br&gt;<br />
                                getting email Text from [[ChromeDriver: chrome on WINDOWS (0ac61c4f5232a8b3cad8083c0a4d9a21)] -&gt; xpath: //span[@id=&apos;Email-error&apos;]]&lt;br&gt;<br />
                                getting password Text from [[ChromeDriver: chrome on WINDOWS (0ac61c4f5232a8b3cad8083c0a4d9a21)] -&gt; xpath: //span[@id=&apos;Password-error&apos;]]&lt;br&gt;<br />
                                getting password Text1 from [[ChromeDriver: chrome on WINDOWS (0ac61c4f5232a8b3cad8083c0a4d9a21)] -&gt; xpath: //span[@id=&apos;ConfirmPassword-error&apos;]]&lt;br&gt;<br />
                  </div>
    

      </td>
</tr>
<tr>
  <td class="method">
                  verifyThatUserShouldCreateAccountSuccessfully
      </td>
  <td class="duration">
    2.693s
  </td>
  <td class="result">
        
    
            <div class="testOutput">
                        Clicking on registerLink [[ChromeDriver: chrome on WINDOWS (3fb55ace15e09c60d1a0cbf4f86e40f0)] -&gt; link text: Register]&lt;br&gt;<br />
                                Clicking on femaleButton [[ChromeDriver: chrome on WINDOWS (3fb55ace15e09c60d1a0cbf4f86e40f0)] -&gt; xpath: //input[@id=&apos;gender-female&apos;]]&lt;br&gt;<br />
                                Enter first name Kan to first name field [[ChromeDriver: chrome on WINDOWS (3fb55ace15e09c60d1a0cbf4f86e40f0)] -&gt; xpath: //input[@id=&apos;FirstName&apos;]]&lt;br&gt;<br />
                                Enter last name Pan to last name field [[ChromeDriver: chrome on WINDOWS (3fb55ace15e09c60d1a0cbf4f86e40f0)] -&gt; xpath: //input[@id=&apos;LastName&apos;]]&lt;br&gt;<br />
                                Selecting day 5 from dropdown [[ChromeDriver: chrome on WINDOWS (3fb55ace15e09c60d1a0cbf4f86e40f0)] -&gt; xpath: //body/div[6]/div[3]/div[1]/div[1]/div[1]/div[2]/form[1]/div[1]/div[2]/div[4]/div[1]/select[1]]&lt;br&gt;<br />
                                Selecting month May from dropdown [[ChromeDriver: chrome on WINDOWS (3fb55ace15e09c60d1a0cbf4f86e40f0)] -&gt; xpath: //body/div[6]/div[3]/div[1]/div[1]/div[1]/div[2]/form[1]/div[1]/div[2]/div[4]/div[1]/select[2]]&lt;br&gt;<br />
                                Selecting year 1995 from dropdown [[ChromeDriver: chrome on WINDOWS (3fb55ace15e09c60d1a0cbf4f86e40f0)] -&gt; xpath: //body/div[6]/div[3]/div[1]/div[1]/div[1]/div[2]/form[1]/div[1]/div[2]/div[4]/div[1]/select[3]]&lt;br&gt;<br />
                                Enter email Raju to email field [[ChromeDriver: chrome on WINDOWS (3fb55ace15e09c60d1a0cbf4f86e40f0)] -&gt; xpath: //input[@id=&apos;Email&apos;]]&lt;br&gt;<br />
                                Enter password 123456 to password field [[ChromeDriver: chrome on WINDOWS (3fb55ace15e09c60d1a0cbf4f86e40f0)] -&gt; xpath: //input[@id=&apos;Password&apos;]]&lt;br&gt;<br />
                                Enter confirm Password 123456 to email field [[ChromeDriver: chrome on WINDOWS (3fb55ace15e09c60d1a0cbf4f86e40f0)] -&gt; xpath: //input[@id=&apos;ConfirmPassword&apos;]]&lt;br&gt;<br />
                                Clicking on registerButton [[ChromeDriver: chrome on WINDOWS (3fb55ace15e09c60d1a0cbf4f86e40f0)] -&gt; xpath: //button[@id=&apos;register-button&apos;]]&lt;br&gt;<br />
                                getting registrationCompleted Text from [[ChromeDriver: chrome on WINDOWS (3fb55ace15e09c60d1a0cbf4f86e40f0)] -&gt; xpath: //div[text()=&apos;Your registration completed&apos;]]&lt;br&gt;<br />
                  </div>
    

      </td>
</tr>
<tr>
  <td class="method">
                  verifyUserShouldNavigateToRegisterPageSuccessfully
      </td>
  <td class="duration">
    0.683s
  </td>
  <td class="result">
        
    
            <div class="testOutput">
                        Clicking on registerLink [[ChromeDriver: chrome on WINDOWS (678755fb14459792ba3a8384036b5fb0)] -&gt; link text: Register]&lt;br&gt;<br />
                                getting register Text from [[ChromeDriver: chrome on WINDOWS (678755fb14459792ba3a8384036b5fb0)] -&gt; xpath: //h1[text()=&apos;Register&apos;]]&lt;br&gt;<br />
                  </div>
    

      </td>
</tr>
      </table>
  
</body>
</html>
